CRITICAL - 2023-01-24 07:24:32 --> syntax error, unexpected '<'
in APPPATH/Controllers/Login.php on line 27.
 1 SYSTEMPATH/Router/Router.php(499): CodeIgniter\Router\AutoRouter->getRoute('Login/submit')
 2 SYSTEMPATH/Router/Router.php(205): CodeIgniter\Router\Router->autoRoute('Login/submit')
 3 SYSTEMPATH/CodeIgniter.php(800): CodeIgniter\Router\Router->handle('Login/submit')
 4 SYSTEMPATH/CodeIgniter.php(428): CodeIgniter\CodeIgniter->tryToRouteIt(Object(CodeIgniter\Router\RouteCollection))
 5 SYSTEMPATH/CodeIgniter.php(349): CodeIgniter\CodeIgniter->handleRequest(null, Object(Config\Cache), false)
 6 FCPATH/index.php(67): CodeIgniter\CodeIgniter->run()
CRITICAL - 2023-01-24 07:25:04 --> syntax error, unexpected '');' (T_CONSTANT_ENCAPSED_STRING)
in APPPATH/Controllers/Login.php on line 36.
 1 SYSTEMPATH/Router/Router.php(499): CodeIgniter\Router\AutoRouter->getRoute('Login/submit')
 2 SYSTEMPATH/Router/Router.php(205): CodeIgniter\Router\Router->autoRoute('Login/submit')
 3 SYSTEMPATH/CodeIgniter.php(800): CodeIgniter\Router\Router->handle('Login/submit')
 4 SYSTEMPATH/CodeIgniter.php(428): CodeIgniter\CodeIgniter->tryToRouteIt(Object(CodeIgniter\Router\RouteCollection))
 5 SYSTEMPATH/CodeIgniter.php(349): CodeIgniter\CodeIgniter->handleRequest(null, Object(Config\Cache), false)
 6 FCPATH/index.php(67): CodeIgniter\CodeIgniter->run()
CRITICAL - 2023-01-24 07:25:18 --> syntax error, unexpected '');' (T_CONSTANT_ENCAPSED_STRING)
in APPPATH/Controllers/Login.php on line 36.
 1 SYSTEMPATH/Autoloader/Autoloader.php(260): CodeIgniter\Autoloader\Autoloader->includeFile('APPPATH/Controllers/Login.php')
 2 SYSTEMPATH/Autoloader/Autoloader.php(238): CodeIgniter\Autoloader\Autoloader->loadInNamespace('App\\Controllers\\Login')
 3 [internal function]: CodeIgniter\Autoloader\Autoloader->loadClass('App\\Controllers\\Login')
 4 [internal function]: spl_autoload_call('App\\Controllers\\Login')
 5 SYSTEMPATH/CodeIgniter.php(875): class_exists('\\App\\Controllers\\Login', true)
 6 SYSTEMPATH/CodeIgniter.php(467): CodeIgniter\CodeIgniter->startController()
 7 SYSTEMPATH/CodeIgniter.php(349): CodeIgniter\CodeIgniter->handleRequest(null, Object(Config\Cache), false)
 8 FCPATH/index.php(67): CodeIgniter\CodeIgniter->run()
CRITICAL - 2023-01-24 07:29:26 --> syntax error, unexpected 'echo' (T_ECHO)
in APPPATH/Controllers/Login.php on line 29.
 1 SYSTEMPATH/Router/Router.php(499): CodeIgniter\Router\AutoRouter->getRoute('Login/submit')
 2 SYSTEMPATH/Router/Router.php(205): CodeIgniter\Router\Router->autoRoute('Login/submit')
 3 SYSTEMPATH/CodeIgniter.php(800): CodeIgniter\Router\Router->handle('Login/submit')
 4 SYSTEMPATH/CodeIgniter.php(428): CodeIgniter\CodeIgniter->tryToRouteIt(Object(CodeIgniter\Router\RouteCollection))
 5 SYSTEMPATH/CodeIgniter.php(349): CodeIgniter\CodeIgniter->handleRequest(null, Object(Config\Cache), false)
 6 FCPATH/index.php(67): CodeIgniter\CodeIgniter->run()
CRITICAL - 2023-01-24 07:29:55 --> syntax error, unexpected 'echo' (T_ECHO)
in APPPATH/Controllers/Login.php on line 29.
 1 SYSTEMPATH/Router/Router.php(499): CodeIgniter\Router\AutoRouter->getRoute('Login/index')
 2 SYSTEMPATH/Router/Router.php(205): CodeIgniter\Router\Router->autoRoute('Login/index')
 3 SYSTEMPATH/CodeIgniter.php(800): CodeIgniter\Router\Router->handle('Login/index')
 4 SYSTEMPATH/CodeIgniter.php(428): CodeIgniter\CodeIgniter->tryToRouteIt(Object(CodeIgniter\Router\RouteCollection))
 5 SYSTEMPATH/CodeIgniter.php(349): CodeIgniter\CodeIgniter->handleRequest(null, Object(Config\Cache), false)
 6 FCPATH/index.php(67): CodeIgniter\CodeIgniter->run()
CRITICAL - 2023-01-24 07:30:02 --> syntax error, unexpected 'echo' (T_ECHO)
in APPPATH/Controllers/Login.php on line 29.
 1 SYSTEMPATH/Autoloader/Autoloader.php(260): CodeIgniter\Autoloader\Autoloader->includeFile('APPPATH/Controllers/Login.php')
 2 SYSTEMPATH/Autoloader/Autoloader.php(238): CodeIgniter\Autoloader\Autoloader->loadInNamespace('App\\Controllers\\Login')
 3 [internal function]: CodeIgniter\Autoloader\Autoloader->loadClass('App\\Controllers\\Login')
 4 [internal function]: spl_autoload_call('App\\Controllers\\Login')
 5 SYSTEMPATH/CodeIgniter.php(875): class_exists('\\App\\Controllers\\Login', true)
 6 SYSTEMPATH/CodeIgniter.php(467): CodeIgniter\CodeIgniter->startController()
 7 SYSTEMPATH/CodeIgniter.php(349): CodeIgniter\CodeIgniter->handleRequest(null, Object(Config\Cache), false)
 8 FCPATH/index.php(67): CodeIgniter\CodeIgniter->run()
CRITICAL - 2023-01-24 07:31:29 --> syntax error, unexpected 'die' (T_EXIT)
in APPPATH/Controllers/Login.php on line 28.
 1 SYSTEMPATH/Autoloader/Autoloader.php(260): CodeIgniter\Autoloader\Autoloader->includeFile('APPPATH/Controllers/Login.php')
 2 SYSTEMPATH/Autoloader/Autoloader.php(238): CodeIgniter\Autoloader\Autoloader->loadInNamespace('App\\Controllers\\Login')
 3 [internal function]: CodeIgniter\Autoloader\Autoloader->loadClass('App\\Controllers\\Login')
 4 [internal function]: spl_autoload_call('App\\Controllers\\Login')
 5 SYSTEMPATH/CodeIgniter.php(875): class_exists('\\App\\Controllers\\Login', true)
 6 SYSTEMPATH/CodeIgniter.php(467): CodeIgniter\CodeIgniter->startController()
 7 SYSTEMPATH/CodeIgniter.php(349): CodeIgniter\CodeIgniter->handleRequest(null, Object(Config\Cache), false)
 8 FCPATH/index.php(67): CodeIgniter\CodeIgniter->run()
CRITICAL - 2023-01-24 07:31:47 --> syntax error, unexpected '$inside' (T_VARIABLE)
in APPPATH/Controllers/Login.php on line 29.
 1 SYSTEMPATH/Autoloader/Autoloader.php(260): CodeIgniter\Autoloader\Autoloader->includeFile('APPPATH/Controllers/Login.php')
 2 SYSTEMPATH/Autoloader/Autoloader.php(238): CodeIgniter\Autoloader\Autoloader->loadInNamespace('App\\Controllers\\Login')
 3 [internal function]: CodeIgniter\Autoloader\Autoloader->loadClass('App\\Controllers\\Login')
 4 [internal function]: spl_autoload_call('App\\Controllers\\Login')
 5 SYSTEMPATH/CodeIgniter.php(875): class_exists('\\App\\Controllers\\Login', true)
 6 SYSTEMPATH/CodeIgniter.php(467): CodeIgniter\CodeIgniter->startController()
 7 SYSTEMPATH/CodeIgniter.php(349): CodeIgniter\CodeIgniter->handleRequest(null, Object(Config\Cache), false)
 8 FCPATH/index.php(67): CodeIgniter\CodeIgniter->run()
CRITICAL - 2023-01-24 07:32:15 --> Trying to access array offset on value of type null
in APPPATH/Controllers/Login.php on line 43.
 1 APPPATH/Controllers/Login.php(43): CodeIgniter\Debug\Exceptions->errorHandler(8, 'Trying to access array offset on value of type null', 'APPPATH/Controllers/Login.php', 43, [...])
 2 SYSTEMPATH/CodeIgniter.php(925): App\Controllers\Login->submit()
 3 SYSTEMPATH/CodeIgniter.php(480): CodeIgniter\CodeIgniter->runController(Object(App\Controllers\Login))
 4 SYSTEMPATH/CodeIgniter.php(349): CodeIgniter\CodeIgniter->handleRequest(null, Object(Config\Cache), false)
 5 FCPATH/index.php(67): CodeIgniter\CodeIgniter->run()
CRITICAL - 2023-01-24 07:57:28 --> Trying to access array offset on value of type null
in APPPATH/Controllers/Login.php on line 44.
 1 APPPATH/Controllers/Login.php(44): CodeIgniter\Debug\Exceptions->errorHandler(8, 'Trying to access array offset on value of type null', 'APPPATH/Controllers/Login.php', 44, [...])
 2 SYSTEMPATH/CodeIgniter.php(925): App\Controllers\Login->submit()
 3 SYSTEMPATH/CodeIgniter.php(480): CodeIgniter\CodeIgniter->runController(Object(App\Controllers\Login))
 4 SYSTEMPATH/CodeIgniter.php(349): CodeIgniter\CodeIgniter->handleRequest(null, Object(Config\Cache), false)
 5 FCPATH/index.php(67): CodeIgniter\CodeIgniter->run()
CRITICAL - 2023-01-24 08:06:19 --> Trying to access array offset on value of type null
in APPPATH/Controllers/Login.php on line 43.
 1 APPPATH/Controllers/Login.php(43): CodeIgniter\Debug\Exceptions->errorHandler(8, 'Trying to access array offset on value of type null', 'APPPATH/Controllers/Login.php', 43, [...])
 2 SYSTEMPATH/CodeIgniter.php(925): App\Controllers\Login->submit()
 3 SYSTEMPATH/CodeIgniter.php(480): CodeIgniter\CodeIgniter->runController(Object(App\Controllers\Login))
 4 SYSTEMPATH/CodeIgniter.php(349): CodeIgniter\CodeIgniter->handleRequest(null, Object(Config\Cache), false)
 5 FCPATH/index.php(67): CodeIgniter\CodeIgniter->run()
CRITICAL - 2023-01-24 08:31:55 --> Cannot use isset() on the result of an expression (you can use "null !== expression" instead)
in APPPATH/Controllers/Login.php on line 31.
 1 [internal function]: CodeIgniter\Debug\Exceptions->shutdownHandler()
CRITICAL - 2023-01-24 08:44:32 --> syntax error, unexpected '=', expecting ']'
in APPPATH/Config/Validation.php on line 43.
 1 SYSTEMPATH/Autoloader/Autoloader.php(260): CodeIgniter\Autoloader\Autoloader->includeFile('APPPATH/Config/Validation.php')
 2 SYSTEMPATH/Autoloader/Autoloader.php(238): CodeIgniter\Autoloader\Autoloader->loadInNamespace('Config\\Validation')
 3 [internal function]: CodeIgniter\Autoloader\Autoloader->loadClass('Config\\Validation')
 4 [internal function]: spl_autoload_call('Config\\Validation')
 5 SYSTEMPATH/Config/Factories.php(155): class_exists('Config\\Validation')
 6 SYSTEMPATH/Config/Factories.php(125): CodeIgniter\Config\Factories::locateClass([...], 'Validation')
 7 SYSTEMPATH/Common.php(204): CodeIgniter\Config\Factories::__callStatic('config', [])
 8 SYSTEMPATH/Config/Services.php(744): config('Validation')
 9 SYSTEMPATH/Config/BaseService.php(194): CodeIgniter\Config\Services::validation(null, false)
10 SYSTEMPATH/Config/Services.php(741): CodeIgniter\Config\BaseService::getSharedInstance('validation', null)
11 APPPATH/Controllers/BaseController.php(44): CodeIgniter\Config\Services::validation()
12 SYSTEMPATH/CodeIgniter.php(888): App\Controllers\BaseController->initController(Object(CodeIgniter\HTTP\IncomingRequest), Object(CodeIgniter\HTTP\Response), Object(CodeIgniter\Log\Logger))
13 SYSTEMPATH/CodeIgniter.php(471): CodeIgniter\CodeIgniter->createController()
14 SYSTEMPATH/CodeIgniter.php(349): CodeIgniter\CodeIgniter->handleRequest(null, Object(Config\Cache), false)
15 FCPATH/index.php(67): CodeIgniter\CodeIgniter->run()
CRITICAL - 2023-01-24 08:46:20 --> syntax error, unexpected '}', expecting ';' or ','
in APPPATH/Config/Validation.php on line 53.
 1 SYSTEMPATH/Autoloader/Autoloader.php(260): CodeIgniter\Autoloader\Autoloader->includeFile('APPPATH/Config/Validation.php')
 2 SYSTEMPATH/Autoloader/Autoloader.php(238): CodeIgniter\Autoloader\Autoloader->loadInNamespace('Config\\Validation')
 3 [internal function]: CodeIgniter\Autoloader\Autoloader->loadClass('Config\\Validation')
 4 [internal function]: spl_autoload_call('Config\\Validation')
 5 SYSTEMPATH/Config/Factories.php(155): class_exists('Config\\Validation')
 6 SYSTEMPATH/Config/Factories.php(125): CodeIgniter\Config\Factories::locateClass([...], 'Validation')
 7 SYSTEMPATH/Common.php(204): CodeIgniter\Config\Factories::__callStatic('config', [])
 8 SYSTEMPATH/Config/Services.php(744): config('Validation')
 9 SYSTEMPATH/Config/BaseService.php(194): CodeIgniter\Config\Services::validation(null, false)
10 SYSTEMPATH/Config/Services.php(741): CodeIgniter\Config\BaseService::getSharedInstance('validation', null)
11 APPPATH/Controllers/BaseController.php(44): CodeIgniter\Config\Services::validation()
12 SYSTEMPATH/CodeIgniter.php(888): App\Controllers\BaseController->initController(Object(CodeIgniter\HTTP\IncomingRequest), Object(CodeIgniter\HTTP\Response), Object(CodeIgniter\Log\Logger))
13 SYSTEMPATH/CodeIgniter.php(471): CodeIgniter\CodeIgniter->createController()
14 SYSTEMPATH/CodeIgniter.php(349): CodeIgniter\CodeIgniter->handleRequest(null, Object(Config\Cache), false)
15 FCPATH/index.php(67): CodeIgniter\CodeIgniter->run()
CRITICAL - 2023-01-24 08:47:07 --> Undefined variable: login
in APPPATH/Controllers/Login.php on line 29.
 1 APPPATH/Controllers/Login.php(29): CodeIgniter\Debug\Exceptions->errorHandler(8, 'Undefined variable: login', 'APPPATH/Controllers/Login.php', 29, [...])
 2 SYSTEMPATH/CodeIgniter.php(925): App\Controllers\Login->submit()
 3 SYSTEMPATH/CodeIgniter.php(480): CodeIgniter\CodeIgniter->runController(Object(App\Controllers\Login))
 4 SYSTEMPATH/CodeIgniter.php(349): CodeIgniter\CodeIgniter->handleRequest(null, Object(Config\Cache), false)
 5 FCPATH/index.php(67): CodeIgniter\CodeIgniter->run()
CRITICAL - 2023-01-24 09:00:44 --> Undefined variable: login_val
in APPPATH/Controllers/Login.php on line 29.
 1 APPPATH/Controllers/Login.php(29): CodeIgniter\Debug\Exceptions->errorHandler(8, 'Undefined variable: login_val', 'APPPATH/Controllers/Login.php', 29, [...])
 2 SYSTEMPATH/CodeIgniter.php(925): App\Controllers\Login->submit()
 3 SYSTEMPATH/CodeIgniter.php(480): CodeIgniter\CodeIgniter->runController(Object(App\Controllers\Login))
 4 SYSTEMPATH/CodeIgniter.php(349): CodeIgniter\CodeIgniter->handleRequest(null, Object(Config\Cache), false)
 5 FCPATH/index.php(67): CodeIgniter\CodeIgniter->run()
CRITICAL - 2023-01-24 09:00:55 --> Undefined variable: login_val
in APPPATH/Controllers/Login.php on line 29.
 1 APPPATH/Controllers/Login.php(29): CodeIgniter\Debug\Exceptions->errorHandler(8, 'Undefined variable: login_val', 'APPPATH/Controllers/Login.php', 29, [...])
 2 SYSTEMPATH/CodeIgniter.php(925): App\Controllers\Login->submit()
 3 SYSTEMPATH/CodeIgniter.php(480): CodeIgniter\CodeIgniter->runController(Object(App\Controllers\Login))
 4 SYSTEMPATH/CodeIgniter.php(349): CodeIgniter\CodeIgniter->handleRequest(null, Object(Config\Cache), false)
 5 FCPATH/index.php(67): CodeIgniter\CodeIgniter->run()
CRITICAL - 2023-01-24 09:03:28 --> Undefined variable: login_val
in APPPATH/Controllers/Login.php on line 29.
 1 APPPATH/Controllers/Login.php(29): CodeIgniter\Debug\Exceptions->errorHandler(8, 'Undefined variable: login_val', 'APPPATH/Controllers/Login.php', 29, [...])
 2 SYSTEMPATH/CodeIgniter.php(925): App\Controllers\Login->submit()
 3 SYSTEMPATH/CodeIgniter.php(480): CodeIgniter\CodeIgniter->runController(Object(App\Controllers\Login))
 4 SYSTEMPATH/CodeIgniter.php(349): CodeIgniter\CodeIgniter->handleRequest(null, Object(Config\Cache), false)
 5 FCPATH/index.php(67): CodeIgniter\CodeIgniter->run()
CRITICAL - 2023-01-24 09:03:41 --> Undefined variable: login_val
in APPPATH/Controllers/Login.php on line 46.
 1 APPPATH/Controllers/Login.php(46): CodeIgniter\Debug\Exceptions->errorHandler(8, 'Undefined variable: login_val', 'APPPATH/Controllers/Login.php', 46, [...])
 2 SYSTEMPATH/CodeIgniter.php(925): App\Controllers\Login->submit()
 3 SYSTEMPATH/CodeIgniter.php(480): CodeIgniter\CodeIgniter->runController(Object(App\Controllers\Login))
 4 SYSTEMPATH/CodeIgniter.php(349): CodeIgniter\CodeIgniter->handleRequest(null, Object(Config\Cache), false)
 5 FCPATH/index.php(67): CodeIgniter\CodeIgniter->run()
CRITICAL - 2023-01-24 09:04:46 --> syntax error, unexpected 'public' (T_PUBLIC)
in APPPATH/Controllers/Login.php on line 40.
 1 SYSTEMPATH/Router/Router.php(499): CodeIgniter\Router\AutoRouter->getRoute('Login/submit')
 2 SYSTEMPATH/Router/Router.php(205): CodeIgniter\Router\Router->autoRoute('Login/submit')
 3 SYSTEMPATH/CodeIgniter.php(800): CodeIgniter\Router\Router->handle('Login/submit')
 4 SYSTEMPATH/CodeIgniter.php(428): CodeIgniter\CodeIgniter->tryToRouteIt(Object(CodeIgniter\Router\RouteCollection))
 5 SYSTEMPATH/CodeIgniter.php(349): CodeIgniter\CodeIgniter->handleRequest(null, Object(Config\Cache), false)
 6 FCPATH/index.php(67): CodeIgniter\CodeIgniter->run()
CRITICAL - 2023-01-24 09:05:09 --> Argument 2 passed to CodeIgniter\Validation\Validation::run() must be of the type string or null, array given, called in /home/vol15_5/epizy.com/epiz_33314072/htdocs/ci4/app/Controllers/Login.php on line 47
in SYSTEMPATH/Validation/Validation.php on line 109.
 1 APPPATH/Controllers/Login.php(47): CodeIgniter\Validation\Validation->run([...], [...])
 2 SYSTEMPATH/CodeIgniter.php(925): App\Controllers\Login->submit()
 3 SYSTEMPATH/CodeIgniter.php(480): CodeIgniter\CodeIgniter->runController(Object(App\Controllers\Login))
 4 SYSTEMPATH/CodeIgniter.php(349): CodeIgniter\CodeIgniter->handleRequest(null, Object(Config\Cache), false)
 5 FCPATH/index.php(67): CodeIgniter\CodeIgniter->run()
CRITICAL - 2023-01-24 09:06:46 --> Undefined variable: login_val
in APPPATH/Controllers/Login.php on line 49.
 1 APPPATH/Controllers/Login.php(49): CodeIgniter\Debug\Exceptions->errorHandler(8, 'Undefined variable: login_val', 'APPPATH/Controllers/Login.php', 49, [...])
 2 SYSTEMPATH/CodeIgniter.php(925): App\Controllers\Login->submit()
 3 SYSTEMPATH/CodeIgniter.php(480): CodeIgniter\CodeIgniter->runController(Object(App\Controllers\Login))
 4 SYSTEMPATH/CodeIgniter.php(349): CodeIgniter\CodeIgniter->handleRequest(null, Object(Config\Cache), false)
 5 FCPATH/index.php(67): CodeIgniter\CodeIgniter->run()
CRITICAL - 2023-01-24 09:07:27 --> Undefined variable: login
in APPPATH/Controllers/Login.php on line 49.
 1 APPPATH/Controllers/Login.php(49): CodeIgniter\Debug\Exceptions->errorHandler(8, 'Undefined variable: login', 'APPPATH/Controllers/Login.php', 49, [...])
 2 SYSTEMPATH/CodeIgniter.php(925): App\Controllers\Login->submit()
 3 SYSTEMPATH/CodeIgniter.php(480): CodeIgniter\CodeIgniter->runController(Object(App\Controllers\Login))
 4 SYSTEMPATH/CodeIgniter.php(349): CodeIgniter\CodeIgniter->handleRequest(null, Object(Config\Cache), false)
 5 FCPATH/index.php(67): CodeIgniter\CodeIgniter->run()
CRITICAL - 2023-01-24 09:09:03 --> Use of undefined constant login - assumed 'login' (this will throw an Error in a future version of PHP)
in APPPATH/Controllers/Login.php on line 49.
 1 APPPATH/Controllers/Login.php(49): CodeIgniter\Debug\Exceptions->errorHandler(2, 'Use of undefined constant login - assumed \'login\' (this will throw an Error in a future version of PHP)', 'APPPATH/Controllers/Login.php', 49, [...])
 2 SYSTEMPATH/CodeIgniter.php(925): App\Controllers\Login->submit()
 3 SYSTEMPATH/CodeIgniter.php(480): CodeIgniter\CodeIgniter->runController(Object(App\Controllers\Login))
 4 SYSTEMPATH/CodeIgniter.php(349): CodeIgniter\CodeIgniter->handleRequest(null, Object(Config\Cache), false)
 5 FCPATH/index.php(67): CodeIgniter\CodeIgniter->run()
CRITICAL - 2023-01-24 09:09:38 --> Invalid file: /login/index.php
in SYSTEMPATH/Exceptions/FrameworkException.php on line 33.
 1 SYSTEMPATH/View/View.php(201): CodeIgniter\Exceptions\FrameworkException::forInvalidFile('/login/index.php')
 2 SYSTEMPATH/Common.php(1135): CodeIgniter\View\View->render('/login/index', [], true)
 3 APPPATH/Controllers/Login.php(60): view('/login/index')
 4 SYSTEMPATH/CodeIgniter.php(925): App\Controllers\Login->submit()
 5 SYSTEMPATH/CodeIgniter.php(480): CodeIgniter\CodeIgniter->runController(Object(App\Controllers\Login))
 6 SYSTEMPATH/CodeIgniter.php(349): CodeIgniter\CodeIgniter->handleRequest(null, Object(Config\Cache), false)
 7 FCPATH/index.php(67): CodeIgniter\CodeIgniter->run()
